<?xml version="1.0" encoding="UTF-8"?>
<!-- Generated by org.testng.reporters.JUnitReportReporter -->
<testsuite hostname="LAPTOP-6O51AN7A" failures="0" tests="4" name="StepDefinations.TestRunner" time="45.474" errors="0" timestamp="2024-08-20T14:26:26 IST" skipped="0">
  <testcase classname="StepDefinations.TestRunner" name="runScenario" time="16.245"/>
  <system-out/>
  <testcase classname="StepDefinations.TestRunner" name="runScenario" time="11.907"/>
  <system-out/>
  <testcase classname="StepDefinations.TestRunner" name="runScenario" time="7.710"/>
  <system-out/>
  <testcase classname="StepDefinations.TestRunner" name="runScenario" time="9.612"/>
  <system-out/>
</testsuite> <!-- StepDefinations.TestRunner -->
