<?xml version="1.0" encoding="UTF-8"?>
<!-- Generated by org.testng.reporters.JUnitReportReporter -->
<testsuite hostname="LAPTOP-6O51AN7A" failures="0" tests="4" name="StepDefinations.TestRunner" time="52.873" errors="0" timestamp="2024-08-20T17:50:34 IST" skipped="0">
  <testcase classname="StepDefinations.TestRunner" name="runScenario" time="10.987"/>
  <system-out/>
  <testcase classname="StepDefinations.TestRunner" name="runScenario" time="16.478"/>
  <system-out/>
  <testcase classname="StepDefinations.TestRunner" name="runScenario" time="11.707"/>
  <system-out/>
  <testcase classname="StepDefinations.TestRunner" name="runScenario" time="13.701"/>
  <system-out/>
</testsuite> <!-- StepDefinations.TestRunner -->
