<?xml version="1.0" encoding="UTF-8"?>
<!-- Generated by org.testng.reporters.JUnitReportReporter -->
<testsuite hostname="LAPTOP-6O51AN7A" failures="0" tests="4" name="StepDefinations.TestRunner" time="57.946" errors="0" timestamp="2024-08-20T15:28:14 IST" skipped="0">
  <testcase classname="StepDefinations.TestRunner" name="runScenario" time="15.094"/>
  <system-out/>
  <testcase classname="StepDefinations.TestRunner" name="runScenario" time="17.689"/>
  <system-out/>
  <testcase classname="StepDefinations.TestRunner" name="runScenario" time="16.046"/>
  <system-out/>
  <testcase classname="StepDefinations.TestRunner" name="runScenario" time="9.117"/>
  <system-out/>
</testsuite> <!-- StepDefinations.TestRunner -->
