<?xml version="1.0" encoding="UTF-8"?>
<!-- Generated by org.testng.reporters.JUnitReportReporter -->
<testsuite hostname="LAPTOP-6O51AN7A" failures="0" tests="4" name="StepDefinations.TestRunner" time="54.154" errors="0" timestamp="2024-08-20T20:02:35 IST" skipped="0">
  <testcase classname="StepDefinations.TestRunner" name="runScenario" time="14.363"/>
  <system-out/>
  <testcase classname="StepDefinations.TestRunner" name="runScenario" time="15.687"/>
  <system-out/>
  <testcase classname="StepDefinations.TestRunner" name="runScenario" time="13.347"/>
  <system-out/>
  <testcase classname="StepDefinations.TestRunner" name="runScenario" time="10.757"/>
  <system-out/>
</testsuite> <!-- StepDefinations.TestRunner -->
