<?xml version="1.0" encoding="UTF-8"?>
<!-- Generated by org.testng.reporters.JUnitReportReporter -->
<testsuite hostname="LAPTOP-6O51AN7A" failures="0" tests="4" name="StepDefinations.TestRunner" time="39.182" errors="0" timestamp="2024-08-20T21:27:16 IST" skipped="0">
  <testcase classname="StepDefinations.TestRunner" name="runScenario" time="11.399"/>
  <system-out/>
  <testcase classname="StepDefinations.TestRunner" name="runScenario" time="10.146"/>
  <system-out/>
  <testcase classname="StepDefinations.TestRunner" name="runScenario" time="10.034"/>
  <system-out/>
  <testcase classname="StepDefinations.TestRunner" name="runScenario" time="7.603"/>
  <system-out/>
</testsuite> <!-- StepDefinations.TestRunner -->
