<?xml version="1.0" encoding="UTF-8"?>
<!-- Generated by org.testng.reporters.JUnitReportReporter -->
<testsuite hostname="LAPTOP-6O51AN7A" failures="0" tests="4" name="StepDefinations.TestRunner" time="49.864" errors="0" timestamp="2024-08-21T10:12:29 IST" skipped="0">
  <testcase classname="StepDefinations.TestRunner" name="runScenario" time="12.477"/>
  <system-out/>
  <testcase classname="StepDefinations.TestRunner" name="runScenario" time="14.418"/>
  <system-out/>
  <testcase classname="StepDefinations.TestRunner" name="runScenario" time="12.333"/>
  <system-out/>
  <testcase classname="StepDefinations.TestRunner" name="runScenario" time="10.636"/>
  <system-out/>
</testsuite> <!-- StepDefinations.TestRunner -->
