<?xml version="1.0" encoding="UTF-8"?>
<!-- Generated by org.testng.reporters.JUnitReportReporter -->
<testsuite hostname="LAPTOP-6O51AN7A" failures="0" tests="4" name="StepDefinations.TestRunner" time="26.174" errors="0" timestamp="2024-08-20T09:44:08 IST" skipped="0">
  <testcase classname="StepDefinations.TestRunner" name="runScenario" time="7.747"/>
  <system-out/>
  <testcase classname="StepDefinations.TestRunner" name="runScenario" time="6.944"/>
  <system-out/>
  <testcase classname="StepDefinations.TestRunner" name="runScenario" time="3.903"/>
  <system-out/>
  <testcase classname="StepDefinations.TestRunner" name="runScenario" time="7.580"/>
  <system-out/>
</testsuite> <!-- StepDefinations.TestRunner -->
