<?xml version="1.0" encoding="UTF-8"?>
<!-- Generated by org.testng.reporters.JUnitReportReporter -->
<testsuite hostname="LAPTOP-6O51AN7A" failures="0" tests="4" name="StepDefinations.TestRunner" time="24.755" errors="0" timestamp="2024-08-20T16:51:21 IST" skipped="0">
  <testcase classname="StepDefinations.TestRunner" name="runScenario" time="7.252"/>
  <system-out/>
  <testcase classname="StepDefinations.TestRunner" name="runScenario" time="6.748"/>
  <system-out/>
  <testcase classname="StepDefinations.TestRunner" name="runScenario" time="7.186"/>
  <system-out/>
  <testcase classname="StepDefinations.TestRunner" name="runScenario" time="3.569"/>
  <system-out/>
</testsuite> <!-- StepDefinations.TestRunner -->
